  Asteroid.cpp
C:\Projects\AsteroidsCPP\Global.h(6,21): warning C4305: 'inicializando': truncamento de 'double' para 'const float'
  Asteroids.cpp
C:\Projects\AsteroidsCPP\Global.h(6,21): warning C4305: 'inicializando': truncamento de 'double' para 'const float'
  Botao.cpp
C:\Projects\AsteroidsCPP\Botao.h(12,24): warning C4244: 'inicializando': conversão de 'const T' para 'int', possível perda de dados
          with
          [
              T=float
          ]
C:\Projects\AsteroidsCPP\Botao.h(13,24): warning C4244: 'inicializando': conversão de 'const T' para 'int', possível perda de dados
          with
          [
              T=float
          ]
C:\Projects\AsteroidsCPP\Botao.h(14,29): warning C4244: 'inicializando': conversão de 'T' para 'int', possível perda de dados
          with
          [
              T=float
          ]
C:\Projects\AsteroidsCPP\Botao.h(15,30): warning C4244: 'inicializando': conversão de 'T' para 'int', possível perda de dados
          with
          [
              T=float
          ]
  Bullet.cpp
C:\Projects\AsteroidsCPP\Global.h(6,21): warning C4305: 'inicializando': truncamento de 'double' para 'const float'
  Entity.cpp
  GameManager.cpp
C:\Projects\AsteroidsCPP\Global.h(6,21): warning C4305: 'inicializando': truncamento de 'double' para 'const float'
C:\Projects\AsteroidsCPP\Botao.h(12,24): warning C4244: 'inicializando': conversão de 'const T' para 'int', possível perda de dados
          with
          [
              T=float
          ]
C:\Projects\AsteroidsCPP\Botao.h(13,24): warning C4244: 'inicializando': conversão de 'const T' para 'int', possível perda de dados
          with
          [
              T=float
          ]
C:\Projects\AsteroidsCPP\Botao.h(14,29): warning C4244: 'inicializando': conversão de 'T' para 'int', possível perda de dados
          with
          [
              T=float
          ]
C:\Projects\AsteroidsCPP\Botao.h(15,30): warning C4244: 'inicializando': conversão de 'T' para 'int', possível perda de dados
          with
          [
              T=float
          ]
  Physics.cpp
  Player.cpp
C:\Projects\AsteroidsCPP\Global.h(6,21): warning C4305: 'inicializando': truncamento de 'double' para 'const float'
  ShopWindow.cpp
  Gerando Código...
  Asteroids.vcxproj -> C:\Projects\AsteroidsCPP\x64\Debug\Asteroids.exe
  'pwsh.exe' não é reconhecido como um comando interno
  ou externo, um programa operável ou um arquivo em lotes.
